[01:52:48] [Render thread/INFO] [JMLogger] JourneyMap log initialized.
[01:52:48] [Render thread/INFO] [JourneymapClient] initialize ENTER
[01:52:48] [Render thread/INFO] [ClientAPI] [ClientAPI] built with JourneyMap API 1.9-SNAPSHOT
[01:52:48] [Render thread/INFO] [PluginHelper] Initializing plugins with Client API: journeymap.client.api.impl.ClientAPI
[01:52:48] [Render thread/INFO] [?] Version: JourneyMap 1.20.1-5.10.3, built with forge 1.20.1-47.2.30
forge: 47.3.0
Environment: os.name, os.arch, java.version, user.country, user.language=null, game language=ru_ru, locale=ru_ru
Features: 
	RadarPlayers : singleplayer = true , multiplayer = true
	RadarAnimals : singleplayer = true , multiplayer = true
	RadarMobs : singleplayer = true , multiplayer = true
	RadarVillagers : singleplayer = true , multiplayer = true
	MapTopo : singleplayer = true , multiplayer = true
	MapSurface : singleplayer = true , multiplayer = true
	MapCaves : singleplayer = true , multiplayer = true
	MapBiome : singleplayer = true , multiplayer = true
MiniMapProperties{state=Valid, file=journeymap.minimap.config, configVersion=5.10.3, zoomLevel=0, compassFontScale=1.0, terrainAlpha=100, showEntityNames=true, positionX=0.9, positionY=0.25, effectVertical=false, showPlayerHeading=true, sizePercent=30, playerDisplayScale=1.0, showDayNight=true, showPets=true, preferredMapType=day, showCompass=true, mobDisplay=jm.common.entity_display.dots, systemTimeRealFormat=HH:mm:ss, shape=jm.minimap.shape_circle, showSelf=true, selfDisplayScale=1.0, showGrid=true, reticleOrientation=jm.minimap.orientation.compass, gameTimeRealFormat=HH:mm:ss, effectTranslateX=-84, showWaypoints=true, minimapKeyMovementSpeed=0.001, showAnimals=true, infoSlotAlpha=0.7, effectTranslateY=0, showWaypointLabels=true, moveEffectIcons=true, position=jm.minimap.position_topright, fontScale=1.0, showPlayers=true, waypointIconScale=1.0, frameAlpha=100, effectReversed=false, backgroundAlpha=0.8, enabled=true, showVillagers=true, info2Label=jm.theme.labelsource.gametime, info3Label=jm.theme.labelsource.location, showMobs=true, waypointLabelScale=1.0, showReticle=true, orientation=jm.minimap.orientation.north, info4Label=jm.theme.labelsource.biome, locationFormat=xzyv, playerDisplay=jm.common.entity_display.dots, mobDisplayScale=1.0, showCaves=true, showMobHeading=true, locationFormatVerbose=true, info1Label=jm.theme.labelsource.blank}
MiniMapProperties{state=Valid, file=journeymap.minimap2.config, configVersion=5.10.3, zoomLevel=0, compassFontScale=1.0, terrainAlpha=100, showEntityNames=true, positionX=0.9, positionY=0.25, effectVertical=false, showPlayerHeading=true, sizePercent=30, playerDisplayScale=1.0, showDayNight=true, showPets=true, preferredMapType=day, showCompass=true, mobDisplay=jm.common.entity_display.dots, systemTimeRealFormat=HH:mm:ss, shape=jm.minimap.shape_rectangle, showSelf=true, selfDisplayScale=1.0, showGrid=true, reticleOrientation=jm.minimap.orientation.compass, gameTimeRealFormat=HH:mm:ss, effectTranslateX=0, showWaypoints=true, minimapKeyMovementSpeed=0.001, showAnimals=true, infoSlotAlpha=0.7, effectTranslateY=0, showWaypointLabels=true, moveEffectIcons=true, position=jm.minimap.position_topright, fontScale=1.0, showPlayers=true, waypointIconScale=1.0, frameAlpha=100, effectReversed=false, backgroundAlpha=0.8, enabled=true, showVillagers=true, info2Label=jm.theme.labelsource.gametime, info3Label=jm.theme.labelsource.location, showMobs=true, waypointLabelScale=1.0, showReticle=true, orientation=jm.minimap.orientation.north, info4Label=jm.theme.labelsource.biome, locationFormat=xzyv, playerDisplay=jm.common.entity_display.dots, mobDisplayScale=1.0, showCaves=true, showMobHeading=true, locationFormatVerbose=true, info1Label=jm.theme.labelsource.blank}
FullMapProperties{state=Valid, file=journeymap.fullmap.config, configVersion=5.10.3, zoomLevel=2, showPlayers=true, waypointIconScale=1.0, showEntityNames=true, showPlayerHeading=true, showVillagers=true, showPlayerLoc=true, showKeys=true, playerDisplayScale=1.0, showMobs=true, showPets=true, waypointLabelScale=1.0, preferredMapType=day, mobDisplay=jm.common.entity_display.dots, showSelf=true, locationFormat=xzyv, playerDisplay=jm.common.entity_display.dots, mobDisplayScale=1.0, selfDisplayScale=1.0, showGrid=true, showMouseLoc=true, showWaypoints=true, showCaves=true, showAnimals=true, showMobHeading=true, showWaypointLabels=true, locationFormatVerbose=true, fontScale=1.0}
WaypointProperties{state=Valid, file=journeymap.waypoint.config, configVersion=5.10.3, autoRemoveDeathpointDistance=2, dateFormat=MM-dd-yyyy, autoRemoveDeathpoints=false, fullscreenDoubleClickToCreate=true, managerDimensionFocus=false, minDistance=4, boldLabel=false, textureSmall=true, showDeathpointlabel=true, beaconEnabled=true, createDeathpoints=false, showName=true, disableStrikeThrough=false, maxDistance=0, autoHideLabel=true, autoRemoveTempWaypoints=2, teleportCommand=/tp {name} {x} {y} {z}, showStaticBeam=true, shaderBeacon=false, timeFormat=HH:mm:ss, showDeviationLabel=false, showDistance=true, showRotatingBeam=true, fontScale=2.0, showTexture=true, managerEnabled=true}
WebMapProperties{state=Valid, file=journeymap.webmap.config, configVersion=5.10.3, port=8080, enabled=false}
CoreProperties{state=Valid, file=journeymap.core.config, configVersion=5.10.3, verboseColorPalette=false, maxPlayersData=32, mapSurfaceAboveCaves=true, dataCachingEnabled=true, optionsManagerViewed=5.10.3, announceMod=true, colorPassive=#bbbbbb, mapBlendWater=false, renderDistanceSurfaceMax=0, seedId=false, radarVerticalDistance=16, mapBlendGrass=true, recordCacheStats=false, hideSneakingEntities=true, revealShape=jm.minimap.shape_circle, mapBiome=true, alwaysMapSurface=false, colorVillager=#88e188, mapPlants=false, colorPet=#0077ff, radarLateralDistance=64, mapBathymetry=false, mapCrops=true, maxMobsData=32, mapPlantShadows=false, alwaysMapCaves=false, checkUpdates=true, mapBlendFoliage=true, hideSpectators=false, mappingEnabled=true, colorPlayer=#ffffff, tileHighDisplayQuality=true, cacheVillagersData=2200, logLevel=INFO, maxVillagersData=32, mapWaterBiomeColors=false, maxAnimalsData=32, mapTransparency=true, caveBlackAsClear=false, tileRenderType=1, caveIgnoreGlass=true, mapTopography=true, renderDistanceCaveMax=0, mapAntialiasing=true, colorSelf=#0000ff, cachePlayersData=2000, cacheMobsData=3000, cachePlayerData=1000, splashViewed=5.10.3, colorHostile=#ff0000, cacheAnimalsData=3100, themeName=OceanMonument, mapCaveLighting=true, renderDelay=2, glErrorChecking=false, autoMapPoll=2000}
[01:52:48] [Render thread/INFO] [JourneymapClient] initialize EXIT, elapsed count 1 avg 232,56ms
[01:53:09] [Render thread/INFO] [JourneymapClient] Journeymap PostInit
[01:53:10] [Render thread/INFO] [ThemeLoader] Preloaded theme textures: 73
[01:53:10] [Render thread/INFO] [JourneymapClient] OptiFine detected.
[01:53:10] [Render thread/INFO] [JourneymapClient] postInitialize EXIT, elapsed count 1 avg 335,07ms
[01:53:44] [Render thread/INFO] [ModBlockDelegate] Custom modded block handling enabled for create
[01:53:44] [Render thread/INFO] [ModBlockDelegate] Custom modded block handling enabled for biomesoplenty
[01:53:45] [Render thread/INFO] [ChatLog] JourneyMap: Нажмите [О].
[01:53:45] [Render thread/INFO] [WaypointStore] Loaded 0 waypoints from C:\Users\alexp\AppData\Roaming\.minecraft\versions\CodeForceLand.ru\journeymap\data\mp\~Minecraft\waypoints
[01:53:45] [Render thread/INFO] [JourneymapClient] Mapping started in C:\Users\alexp\AppData\Roaming\.minecraft\versions\CodeForceLand.ru\journeymap\data\mp\~Minecraft\overworld. Memory: 2304MB total, 544MB free 
[02:37:36] [Render thread/INFO] [StatTimer] TileDrawStep.updateRegionTexture hit max count, 1000000
[02:37:36] [Render thread/INFO] [StatTimer] TileDrawStep.draw(low) hit max count, 1000000
[02:54:20] [Render thread/WARN] [JMLogger] Can't get entityTexture for naturalist:textures/entity_icon/dragonfly/green.png
[02:54:20] [Render thread/WARN] [JMLogger] Can't get entityTexture for naturalist:textures/entity_icon/catfish.png
[02:54:30] [Render thread/WARN] [JMLogger] Can't get entityTexture for naturalist:textures/entity_icon/bass.png
[02:56:04] [Render thread/WARN] [JMLogger] Can't get entityTexture for naturalist:textures/entity_icon/bird/cardinal.png
[03:15:40] [Render thread/INFO] [JourneymapClient] Mapping halted in C:\Users\alexp\AppData\Roaming\.minecraft\versions\CodeForceLand.ru\journeymap\data\mp\~Minecraft\minecraft:overworld
[03:15:42] [Render thread/INFO] [WaypointStore] Loaded 0 waypoints from C:\Users\alexp\AppData\Roaming\.minecraft\versions\CodeForceLand.ru\journeymap\data\mp\~Minecraft\waypoints
[03:15:42] [Render thread/INFO] [JourneymapClient] Mapping started in C:\Users\alexp\AppData\Roaming\.minecraft\versions\CodeForceLand.ru\journeymap\data\mp\~Minecraft\the_nether. Memory: 2304MB total, 625MB free 
[03:17:49] [Render thread/INFO] [DeathPointHandler] alex_pyslar died at BlockPos{x=-61, y=30, z=32}. Deathpoints enabled: false. Deathpoint created: true
[03:17:50] [Render thread/INFO] [JourneymapClient] Mapping halted in C:\Users\alexp\AppData\Roaming\.minecraft\versions\CodeForceLand.ru\journeymap\data\mp\~Minecraft\minecraft:the_nether
[03:17:52] [Render thread/INFO] [WaypointStore] Loaded 0 waypoints from C:\Users\alexp\AppData\Roaming\.minecraft\versions\CodeForceLand.ru\journeymap\data\mp\~Minecraft\waypoints
[03:17:52] [Render thread/INFO] [JourneymapClient] Mapping started in C:\Users\alexp\AppData\Roaming\.minecraft\versions\CodeForceLand.ru\journeymap\data\mp\~Minecraft\overworld. Memory: 2304MB total, 372MB free 
[04:03:04] [Render thread/INFO] [StatTimer] TileDrawStep.updateRegionTexture hit max count, 1000000
[04:03:04] [Render thread/INFO] [StatTimer] TileDrawStep.draw(low) hit max count, 1000000
[04:53:59] [Render thread/WARN] [JMLogger] Can't get entityTexture for naturalist:textures/entity_icon/dragonfly/blue.png
[05:54:21] [Render thread/INFO] [JourneymapClient] Mapping halted in C:\Users\alexp\AppData\Roaming\.minecraft\versions\CodeForceLand.ru\journeymap\data\mp\~Minecraft\minecraft:overworld
